550 : 4
551 : 8
552 : 12
553 : 16
554 : 20
555 : 24
556 : 28
557 : 32
558 : 36
559 : 40
560 : 44
561 : 48
562 : 52
563 : 56
564 : 60
565 : 64
566 : 68
567 : 72
568 : 76
569 : 80
570 : 84
571 : 88
572 : 92
573 : 96
574 : 100
575 : 104
576 : 108
577 : 112
578 : 116
579 : 120
580 : 124
581 : 128
582 : 132
583 : 136
584 : 140
585 : 144
586 : 148
587 : 152
588 : 156
589 : 160
590 : 164
591 : 168
592 : 172
593 : 176
594 : 180
595 : 184
596 : 188
597 : 192
598 : 196
599 : 200
600 : 200
601 : 200
602 : 200
603 : 200
604 : 200
605 : 200
606 : 200
607 : 200
608 : 200
609 : 200
610 : 200
611 : 200
612 : 200
613 : 200
614 : 200
615 : 200
616 : 200
617 : 200
618 : 200
619 : 200
620 : 200
621 : 200
622 : 200
623 : 200
624 : 200
625 : 200
626 : 200
627 : 200
628 : 200
629 : 200
630 : 200
631 : 200
632 : 200
633 : 200
634 : 200
635 : 200
636 : 200
637 : 200
638 : 200
639 : 200
640 : 200
641 : 200
642 : 200
643 : 200
644 : 200
645 : 200
646 : 200
647 : 200
648 : 200
649 : 200
650 : 200
651 : 200
652 : 200
653 : 200
654 : 200
655 : 200
656 : 200
657 : 200
658 : 200
659 : 200
660 : 200
661 : 200
662 : 200
663 : 200
664 : 200
665 : 200
666 : 200
667 : 200
668 : 200
669 : 200
670 : 200
671 : 200
672 : 200
673 : 200
674 : 200
675 : 200
676 : 200
677 : 200
678 : 200
679 : 200
680 : 200
681 : 200
682 : 200
683 : 200
684 : 200
685 : 200
686 : 200
687 : 200
688 : 200
689 : 200
690 : 200
691 : 200
692 : 200
693 : 200
694 : 200
695 : 200
696 : 200
697 : 200
698 : 200
699 : 200
700 : 200
701 : 200
702 : 200
703 : 200
704 : 200
705 : 200
706 : 200
707 : 200
708 : 200
709 : 200
710 : 200
711 : 200
712 : 200
713 : 200
714 : 200
715 : 200
716 : 200
717 : 200
718 : 200
719 : 200
720 : 200
721 : 200
722 : 200
723 : 200
724 : 200
725 : 200
726 : 200
727 : 200
728 : 200
729 : 200
730 : 200
731 : 200
732 : 200
733 : 200
734 : 200
735 : 200
736 : 200
737 : 200
738 : 200
739 : 200
740 : 200
741 : 200
742 : 200
743 : 200
744 : 200
745 : 200
746 : 200
747 : 200
748 : 200
749 : 200
750 : 200
751 : 200
752 : 200
753 : 200
754 : 200
755 : 200
756 : 200
757 : 200
758 : 200
759 : 200
760 : 200
761 : 200
762 : 200
763 : 200
764 : 200
765 : 200
766 : 200
767 : 200
768 : 200
769 : 200
770 : 200
771 : 200
772 : 200
773 : 200
774 : 200
775 : 200
776 : 200
777 : 200
778 : 200
779 : 200
780 : 200
781 : 200
782 : 200
783 : 200
784 : 200
785 : 200
786 : 200
787 : 200
788 : 200
789 : 200
790 : 200
791 : 200
792 : 200
793 : 200
794 : 200
795 : 200
796 : 200
797 : 200
798 : 200
799 : 200
800 : 200
801 : 200
802 : 200
803 : 200
804 : 200
805 : 200
806 : 200
807 : 200
808 : 200
809 : 200
810 : 200
811 : 200
812 : 200
813 : 200
814 : 200
815 : 200
816 : 200
817 : 200
818 : 200
819 : 200
820 : 200
821 : 200
822 : 200
823 : 200
824 : 200
825 : 200
826 : 200
827 : 200
828 : 200
829 : 200
830 : 200
831 : 200
832 : 200
833 : 200
834 : 200
835 : 200
836 : 200
837 : 200
838 : 200
839 : 200
840 : 200
841 : 200
842 : 200
843 : 200
844 : 200
845 : 200
846 : 200
847 : 200
848 : 200
849 : 200
850 : 200
851 : 200
852 : 200
853 : 200
854 : 200
855 : 200
856 : 200
857 : 200
858 : 200
859 : 200
860 : 200
861 : 200
862 : 200
863 : 200
864 : 200
865 : 200
866 : 200
867 : 200
868 : 200
869 : 200
870 : 200
871 : 200
872 : 200
873 : 200
874 : 200
875 : 200
876 : 200
877 : 200
878 : 200
879 : 200
880 : 200
881 : 200
882 : 200
883 : 200
884 : 200
885 : 200
886 : 200
887 : 200
888 : 200
889 : 200
890 : 200
891 : 200
892 : 200
893 : 200
894 : 200
895 : 200
896 : 200
897 : 200
898 : 200
899 : 200
900 : 200
901 : 200
902 : 200
903 : 200
904 : 200
905 : 200
906 : 200
907 : 200
908 : 200
909 : 200
910 : 200
911 : 200
912 : 200
913 : 200
914 : 200
915 : 200
916 : 200
917 : 200
918 : 200
919 : 200
920 : 200
921 : 200
922 : 200
923 : 200
924 : 200
925 : 200
926 : 200
927 : 200
928 : 200
929 : 200
930 : 200
931 : 200
932 : 200
933 : 200
934 : 200
935 : 200
936 : 200
937 : 200
938 : 200
939 : 200
940 : 200
941 : 200
942 : 200
943 : 200
944 : 200
945 : 200
946 : 200
947 : 200
948 : 200
949 : 200
950 : 200
951 : 200
952 : 200
953 : 200
954 : 200
955 : 200
956 : 200
957 : 200
958 : 200
959 : 200
960 : 200
961 : 200
962 : 200
963 : 200
964 : 200
965 : 200
966 : 200
967 : 200
968 : 200
969 : 200
970 : 200
971 : 200
972 : 200
973 : 200
974 : 200
975 : 200
976 : 200
977 : 200
978 : 200
979 : 200
980 : 200
981 : 200
982 : 200
983 : 200
984 : 200
985 : 200
986 : 200
987 : 200
988 : 200
989 : 200
990 : 200
991 : 200
992 : 200
993 : 200
994 : 200
995 : 200
996 : 200
997 : 200
998 : 200
999 : 200
1000 : 200
1001 : 200
1002 : 200
1003 : 200
1004 : 200
1005 : 200
1006 : 200
1007 : 200
1008 : 200
1009 : 200
1010 : 200
1011 : 200
1012 : 200
1013 : 200
1014 : 200
1015 : 200
1016 : 200
1017 : 200
1018 : 200
1019 : 200
1020 : 200
1021 : 200
1022 : 200
1023 : 200
1024 : 200
1025 : 200
1026 : 200
1027 : 200
1028 : 200
1029 : 200
1030 : 200
1031 : 200
1032 : 200
1033 : 200
1034 : 200
1035 : 200
1036 : 200
1037 : 200
1038 : 200
1039 : 200
1040 : 200
1041 : 200
1042 : 200
1043 : 200
1044 : 200
1045 : 200
1046 : 200
1047 : 200
1048 : 200
1049 : 200
1050 : 196
1051 : 192
1052 : 188
1053 : 184
1054 : 180
1055 : 176
1056 : 172
1057 : 168
1058 : 164
1059 : 160
1060 : 156
1061 : 152
1062 : 148
1063 : 144
1064 : 140
1065 : 136
1066 : 132
1067 : 128
1068 : 124
1069 : 120
1070 : 116
1071 : 112
1072 : 108
1073 : 104
1074 : 100
1075 : 96
1076 : 92
1077 : 88
1078 : 84
1079 : 80
1080 : 76
1081 : 72
1082 : 68
1083 : 64
1084 : 60
1085 : 56
1086 : 52
1087 : 48
1088 : 44
1089 : 40
1090 : 36
1091 : 32
1092 : 28
1093 : 24
1094 : 20
1095 : 16
1096 : 12
1097 : 8
1098 : 4
