3
5253
14
5253
5253
2768
14
5253
5253
5253
5253
14
0
5253
5253
5253
2768
14
14
0
648
2768
2768
2768
2768
0
5253
648
11
14
3
14
9
14
3
5253
5253
5253
0
5253
14
2768
14
11
14
14
14
14
5253
14
14
5253
0
5253
2
0
0
0
2768
5253
5253
0
6
648
5253
0
5253
5253
5253
2768
5253
14
5253
0
14
14
14
2768
5253
5253
2768
0
14
2768
0
0
2
5253
14
0
648
2768
5253
5253
5253
5253
2768
5253
5253
648
5253
5253
2768
5253
0
14
0
14
0
5253
5253
9
14
5253
5253
11
5253
5253
5253
5253
5253
14
648
3
0
14
14
3
5253
5253
0
5253
0
14
648
2768
14
648
5253
11
0
0
5253
5253
3
0
0
14
3
0
5253
5253
14
0
14
0
