5288390132775
1718948043333
15592826946023
6154433655046
16881032409730
17145170285671
8942245593127
9534070213020
3421257832063
542975784472
5770432359532
20817528261031
15477311507052
4290827523676
24318416134823
6915439554620
702753338754
15680871655911
314640323468
11696267513429
5336501720231
16436324904940
2593189618629
10540479208743
7911009628051
12372612390766
751639287527
8963318512511
6691992566012
1305561462303
21081006094119
452050271412
813054992094
4143088815053
16164663201127
6335628940367
2473485229815
7143657399900
6211345056039
21067021558719
6457340421344
5965610978911
18466648446033
3720518208290
19517177564391
11043808198183
23123451522983
23240827641383
736425594531
13909426427252
3837477878272
8028848782477
12932771540700
15380381228772
544522140716
4227908062493
7650599336134
6379006733820
2517215536197
1544337209517
23912320007335
1083565942682
5171563929907
11891158236252
7104088846989
3346001490871
13008436537823
510530718754
11438177099257
2711138595820
8211459355751
4078275177916
9493259890959
3743804793455
10638232939332
9832492218609
402333499418
2935385695538
12964779004492
1074933723756
17989495830695
2257435849575
8880486424313
1330167119652
10296278270655
22678734866215
6841625069383
3506576966659
12237383577348
12741434148303
267937311095
15259205029644
7760949399275
9890918626375
2176109700404
4654284914244
1302852039134
3104304230736
5240873603872
14426234540007
12036936370727
22862876540135
17150698322215
17732886477021
20732033010919
1262809660286
5767856454987
9834240930282
17733944040871
7043187070891
682702119122
9289830834140
20923545400231
12309577113703
14936681823079
16615116515727
1743451802754
1337764320975
19362139632495
3895139095849
16817981200359
10123911873356
4218547460399
174908721836
15922333705266
22804718566631
2816545815509
3150551076733
2823326252732
5339465504378
5733956351872
6011082681393
476113176621
5172590364373
294506098113
4018121308655
20905723863865
2852325146355
5987295501863
5070900063138
5532847877040
13219305136743
4099458400999
4903194527015
21281830538040
7691874404967
23281417060391
10856132619623
16290924565479
815299270632
10584943743942
22188304628711
17101021719847
3212479478547
8385290650492
10143993104883
998548405476
4275541390445
9508370801639
10447562758887
10881753979823
3732746542820
12913900049319
10430852438375
1398559092839
10148536895043
24264984615624
12036532495911
2017875373185
1066210799437
2950422307201
2310391016318
3762128997253
7587942505021
20051979261697
11107118343159
17755388945118
3621850674623
6110470738010
5662535193911
3674372546505
9634255853039
20265586460946
5068418312700
77262135040
2893375697828
7585630241733
11160273675124
6051426893970
5034511509980
1614492384679
13845361585895
1379624687990
13889585878247
10374436175015
6539485367844
6784557075755
7905637630400
2975588448765
725929487452
170665939072
16903459419604
22539990768237
14279426044391
13964807562727
6379964298300
7974630571455
17158523396775
13905212077284
323788994092
224032614946
7116128337296
19364134251303
6734323669495
10906982344439
12748849988590
2358524677047
4824784235872
5514358092327
5463877882028
8378733539863
15414618236061
25216255092967
8037979405452
4796471521622
1875698962614
4025198336145
19596751714557
4817700369127
18956112445423
7347334244112
10297368251964
1453775415890
10423087310780
10714801676199
1334672583078
11929672250495
3590130083119
14182212453058
19010407672530
7240115181095
993153534812
4694908402772
401331181036
10035970693381
3823586198788
3553824822777
7288696496768
8913373041123
3394695440025
20001221531367
15517075175847
11190741832845
6712989244415
16112298288732
4134857726395
5304058215654
5160538511335
12784124421431
5300570812672
8251820118902
339830719207
24941418280679
12728364066001
12523807461415
1764986237991
24514648811047
2275402157234
17108285825828
9970781615548
8887991537931
5149296897372
5433633613479
13832437591783
8162216563303
14587330107239
1170473639740
5780076756985
2240568359247
3651042067281
7285126235578
20708261200864
6883043402880
1506498139350
8234873746957
6383087291525
23774750148135
698376793344
14691057621981
10693655409876
743197140332
664187301878
14389961533095
15462340273988
634016490516
3731324916231
4384114419751
5263901740723
19949507571726
6468931315812
16281559718183
4126474646120
4280208976789
20512697574708
3947446804774
1365449042612
10615683946356
460397451904
7001865081832
19475443197901
5916425223061
21291720454215
17117873313282
3250232914898
12924339421563
4654258885198
2509490715022
2804742597088
2609564204775
10343762917756
22378024823527
222796255604
22780864710311
13010762760960
6990603394319
6431583041639
1878945392661
377496026029
7859890329957
17859725803879
1272474698246
12638104034343
3314704391335
11575433666919
14325576861660
15817457070247
4253604160612
14713716137508
1660915778860
5487525659239
13978022726043
1142351150089
1951609329021
16390645732476
5247523049831
15295520967157
22139018660916
17463043022985
6302444069223
23116711861991
8809295052135
23719772688807
3313106362163
3205621255889
4626419150849
22096069717607
13904068114348
1267261504388
2639078616332
14725305075393
1959796590183
6145387250151
2532482012780
6692500996664
5277649520245
2087118982108
13676139630945
2484034863527
4515852142579
6991555474023
1270710087191
4876866937447
2573087744988
14819898983185
8715924243111
21612921661188
6306730486947
7965634624258
14509290446940
14813681565835
17085775445543
22613079966439
16697727473895
10838709609750
1811722360172
5053815325212
100897216266
212198033131
7440225024018
10363700826236
15359399676585
23531945657191
4820072041447
8849366440233
2362998629607
10545254060519
2553596323080
7885524549580
6248784833830
6013117348055
13553291549511
8142800637031
1713011743160
21298820830823
7628277674655
15780207500612
24880382699111
474812819207
2890837771943
16238085129196
8900949393191
3969846423981
21554745382819
17229764653924
16625455034743
2360891387924
5167252930151
12460318314688
4548631801004
1101640879549
6492412010336
8910387513380
1856186219879
20014902790759
16934638205349
3280375031975
20009652418151
2418898134222
166486217039
12116171774812
13516803576423
6928551002727
17451029732263
3371755724063
13060160534524
6030552452188
2264032316460
15062943187431
7527271555439
9078162656301
6294325780971
11933418206951
10136124791399
3890485330437
14697579070148
10108257429095
5939103262356
3384430885900
8179931877927
18490616948763
13818228297660
13931740312167
2708682412906
7396212797479
11133953400157
3589414205831
6558960018331
1234819210416
2621526136188
13319691577140
5081735390703
700627041722
20582952719463
3215742531216
16067102190887
14763026096037
16649965643
5453100777836
22187742452976
4351611567763
3626463717927
2013464377276
4515334583759
11224927599540
54559704918
3868261961001
3316497232179
1413527060792
2540514827595
1306974231230
2485669168354
2485221245799
13594510854287
1367728031970
7056730772455
2021393315160
1894531998269
13467392315228
7093772051329
7418961212605
2238756639335
639791697997
7430828407020
9155996339495
4355340898972
3323696548764
5498581732327
6189711981955
6937263413910
6804975923121
7375213058628
3975569906635
5632186636871
2399303697171
12717077379551
8202057711220
10634998354983
22469132427642
5163120243548
2207262825310
9287843704775
8416553169023
11247312153366
6006933914791
1977460485468
2917083541665
6419929123780
4560769150696
7424853116284
13525297269138
687914777804
19590934116807
8535449045290
21161462089
4593393537982
4579321938700
3222040363239
947589670599
22032005074919
5669054399735
20711309184423
11278419443315
20380914342759
2710134362232
9454700853072
1213889457868
5211828678834
5776156100480
834004850224
8921003730911
1760573563868
1921132611990
466926757988
10492645285223
95918815072
6358014797268
2192435068253
274638741107
1735513897802
10273463988660
13429648189351
4202219299495
9219746089007
1425915589267
11739810717031
5257454519872
1533991754999
12353036179321
1259668708930
21190077536615
14520327503420
5926244702854
13538313813489
10073978554087
1978816322864
10772581017063
6716807077594
3580304134797
14334531118772
6858343585029
5121094978836
1768419173927
12519072270487
12251087778471
2994444457967
6816716270383
1347017383980
5141720044350
1153485127432
12161986110631
4956082109734
10820795258953
20056274717223
1298196103662
21998930907096
1045337564132
4836010088568
20494807040871
443483905854
8883833978077
353255013860
18224783029908
6234933815812
10063200144935
1130631099133
14081148751911
2957313305410
11990331529236
4186260241221
506754907804
22499735956135
10913609054375
9147514968359
9792540389610
1792691912412
12887874718866
10464727438567
356099973378
5254818038695
15928566901748
4601663077220
22835211115239
10320733439425
4441579256403
10549339212519
4067970964601
17538183115524
13864886563844
5399215019828
1994495154307
1811401049462
7888267074812
16159640008103
16966910038759
1843467059460
3409065688391
7847940548983
22123706743638
410014038015
19390506239124
11415347786727
12085627989141
105937620777
2639948174126
9035111558631
8548033828460
2151240097152
14113282041959
11711079925271
13452214694695
11349970550887
21904034252598
3162292132647
21725640784807
6354437131223
916385329891
5391837991947
969330390992
8808688107411
12648934344078
6793711502668
5956575773671
17072415392268
6315608564468
5725837042855
7679464780213
15847974861031
5031005858423
1677698919363
16235164598695
2033186480321
3406478983933
14987869301231
20774843741415
13499096652685
12332533685228
7687357043468
11510267571666
1502307762671
16396299952723
7897965720308
5675052423308
12397317239395
7163704143386
5456269481148
2106566492054
10901204007751
6293541520891
1826387438580
7321243994128
436390173345
3868482490601
2081254674895
6183842925332
17128973289789
11589899999460
69528735392
3594476718069
9577310552036
14664167290983
17762669916805
1098030894461
52510499765
3779052488172
7178109732141
3659286712793
2332978316052
5329611684962
6912565776911
19514072015334
9713529191044
386376961605
2017988568039
6250722139181
3093093275148
16815961826279
22223593190759
5110483276327
19284192279911
7794483850407
6616350673383
1494528392529
19671310047321
2314963415162
4861407740284
14603838490343
14510795829607
7013278280735
12990568986073
2748901016295
23455991949607
15809707722215
3309175436265
1012799539422
7314268931036
8623575568116
5695008901257
24848653283879
9483575330234
16572828055969
7626638335679
17375477293997
17381033178215
4182095994287
11880085576364
2061627821199
13629565838668
317683009620
11510166167244
5490573364756
3379810180043
795194081135
7156710799055
1937061838263
4135080629705
11940465259836
7736322100068
732227927123
4796924966055
4115035696676
3805419441790
2534258873348
5140041864423
5564237958069
16739402306471
6693506068185
10689543216252
13061780489588
3150979653816
1787801131052
1734695626791
143340096736
850245222449
10429709898919
13372241520455
1007613553047
5659702541735
13475456487140
2330764370855
8760443760588
1807360188771
1831978973095
3258419606836
981435547268
12121522902503
2092200565479
1708197122691
24669913435623
8797827338988
3276229610539
10659489558795
5124997571412
10467769587820
1033723435883
12882010580334
8135283519516
7921680873220
8422287372788
439428863276
17258959448484
2143778140420
10399232766169
8686324726178
2998844445336
8632221187495
17652696709635
5691245619849
1167773066272
9517105189108
20518812350247
15039695143335
22258755541927
3064432531708
1173201040804
2316648036168
4783990029579
2277917945933
20694509139591
1114790221512
1209853553612
11244380084100
19702934737575
14675064018057
14257875308039
5766453366414
135559616080
18912785204629
6896760679045
4848267552039
9646470172076
10236790589287
5745696033914
15963331605351
3673841445365
6968898071732
8152940489805
13418473232636
10288399618316
13033144088743
12664409154093
19036726484751
24611149649895
3042037415618
1583001902622
593199982428
7563154554660
13266003162343
9461568339979
14927438807978
11217606502632
18439515170127
4509114465015
8920521499815
11494031462957
6572461107863
2594365380313
5785736726503
6331697833562
13069215158247
10019166647020
21767795218727
1661015521462
122922309380
15903129015591
1386008580140
14284597339052
858001929467
3688071480787
5696355208672
1508578524443
11749091594499
230373153468
1071763191060
12304301498919
1869770668452
6671560408871
7732598837508
11151718500583
5766876815997
4220900556064
5998174879719
7592874447223
9817187031287
6517412141599
4396561235739
19838419124905
6041197419384
600345337090
16479672054180
1985233573579
16634516317903
5881505542247
15307507540044
4046235101608
8400123360719
5225214524081
2622327433304
10538845099371
10116973795735
22240175050593
5950439558063
1142571284464
2926833873472
16940255541772
1313024120100
21008652072308
2910956071301
7674795186264
10625110653509
7241942681045
17847685285927
4895220214977
7221733342123
4111083681472
4646628489771
2153923928349
6116751117343
10002517953831
4612344099620
682230953380
6758494463015
16938551680236
1906992717091
1481332489435
636057692468
5353890262199
315214927820
5459593568600
3948585915047
24330734316711
6516047300924
12358769913423
4171979172647
400259465581
13046143809383
13758378968812
6257646722997
18492648124903
271925319780
12706298262412
14433703522605
9411295707559
13256108229351
1052463155664
2939291957036
14034825750474
2514098295143
4585976101223
4339029730920
19973909496935
20199221159911
24787188585319
8186899074851
5320097409205
1427945979095
718090759935
21508996094982
13811459039988
10325466353575
12697019273127
22453372445696
86022219525
24438417439527
12451614838055
11935793179049
5582915733578
3005445844192
13507495060135
3358411386995
16774640384167
7572598684837
5176509278895
1358340901348
24773355872871
12304639580687
1152327429076
1595887687796
2076509166524
4433834750130
4852585436175
22151095993845
3755084453030
19030836559399
4156505718759
13500337700269
17381915818012
21171319451181
1333501644972
11364708443860
160050866637
1669104250372
16224947471644
5364116660775
6461616621870
8856573153661
1545656970727
14475582994087
1699149855678
8123224292598
12271758667772
5120053426498
7967291787303
7551957023399
6808914157884
4627772528928
20634075934164
14524754752935
24343229193831
4385617487983
8733155283215
