64960184684
286037156700
61166339654
270218981799
1317061025
568501444150
639142625781
32354953510
92641947210
44701811120
181605882184
424825712324
493520825700
384592775006
137456181408
772129609965
286477579975
493742513268
873280720504
383650903672
349600460000
258366030048
539610368256
270669918511
492448026393
127597007037
245540716176
375215803235
12100335625
125939110905
404195925402
343272384900
412360265232
471969156438
145615258803
107651928350
607752974257
360082269049
681375116992
885853103963
11491148796
702680324468
161622937808
369831079733
838081789734
79738176375
171014987808
479161444755
448954823240
608370447392
369826796560
56037073760
183883399389
286077306944
729364562565
68721940350
198452089152
884690393697
444531730122
569910034863
17376952579
511354897500
229778323456
327839804838
785202208000
266451993318
298038512538
587199124400
457427731392
12865455680
25075926908
157617503648
300882691264
755271831779
197385200649
371434627746
198564764160
242562215896
49381585554
575940218544
478644367641
379037167456
721577638708
639187648512
7247184208
334240821616
615445822657
554031566928
372882580000
263238774561
386932973456
509949024925
58841918827
290785610128
274623410137
326595825955
271345181327
401816250261
128484570825
521678068137
418187582384
312701321025
743626340725
695302632850
536791659008
263939379200
202352624647
434623234464
327384622866
686585344090
248914082880
134645525568
333008175159
665261732596
207821720989
514199716623
108135935639
212841662208
162863618558
609697141200
84376801250
312466470732
181848033068
677261280800
900307565300
990793041189
139309211002
612353341563
637865846272
423769814672
635237026893
282976451330
303283274375
205282877819
200280705795
890155287000
537338233452
44457598449
51346033956
644874652800
250212776506
6881937849
481805207136
477899301250
421686210000
108043102041
323375315829
286633406484
426621474549
69816522277
979395759166
399832874380
688882445253
263330875100
186010746778
742066354037
676929527120
77772516896
57922738038
121033372500
586521401684
58706900712
54938213345
408697312500
117185665518
101953527577
415762703125
84076705134
192922482975
105807525600
315696419362
190901387999
64385696240
431405998904
506289453300
101471456508
761502990489
237285036032
217221120000
508212800147
661397615571
115121178018
724096473927
856997679944
417902524942
126931938137
212395529304
242972368080
168466349178
315860764608
363339216512
470104530000
851370425712
577682993209
269821458865
474146443892
324230612156
148788186624
526965015087
51469331821
73942447932
448647218750
632702137095
93944337564
528359731200
516641062500
170682630804
289418480687
63541876434
88573915014
311069671240
26753227992
206771174712
783821513024
244753487500
616471083656
662060339200
176791771422
213164309952
355671593860
687489261753
524289671275
510857520992
111018277622
781183524264
346214208525
762530074288
169775943552
303590488180
124252061531
55948682500
350405730150
210423800781
106462397142
174890750000
475717201416
371386681960
126027551210
710258223879
231777944125
542304673332
354566133504
380538238590
220019476500
54861062400
97098984055
156399798245
493598561274
135643297547
178369738144
514758514023
72069526684
113455040400
40900271859
111501608291
310400393025
464450155596
539181628359
616396304628
711879709104
74907495650
339414272512
159361526225
238887769999
193720280292
89844566050
585189471213
713816778248
47541220692
631129204228
664703644212
197486390556
886130793009
223796555216
29971325884
23406695550
732688791775
714841706250
563606930250
84189809473
558370193661
192547182952
417957226310
195588423400
16461861003
658095529240
542538038250
87800508243
240650221392
179723072512
563054710386
456971224933
772929704008
651875641200
651323372854
63446518311
139728905484
1426179810
345611926041
659852787384
177171093100
281573094070
53953787890
359677048302
644535188064
156713641839
662500113525
158475007526
176269836645
819658128345
650315446220
771931493826
121966366333
63870231316
459387925504
71235778801
76123341224
284346064892
735387115680
251279505954
235518072692
189295081272
901093288975
819487301671
424292910314
330080329725
874156760208
252112943414
568553943340
639972174924
120283405395
14451764016
444289227725
243946497600
241425601900
170011239370
386186810956
228641879935
543864434480
706066933812
173360725015
245866523783
23791227260
357155887429
409209202584
545201928348
483525869850
475560159680
240162197358
439724654451
304711916231
337957683750
86967360000
217606149200
369338876495
39271991805
424869872832
652970311965
109852523098
476194760975
549867093341
370982310400
361636566976
576374214168
351073411416
314300846464
500225371680
108001957500
93167435564
246341980733
78159151769
552893737600
197659208261
271022903546
788723397890
76858272
689174817408
378749070340
223430923245
828798438725
286676676825
220739286456
113745413676
194331979141
25595598791
77531666160
8767209150
538212340720
312937235700
411314619392
540453505053
586082780898
22275080000
210031143642
107872935168
611121896901
250431137201
217648818900
383365615765
13250696175
456485708125
210426946400
282135692377
116996699149
158938620948
30315562775
404479170000
64578078125
205097804275
269970660792
381770429325
458662770510
450813810640
736576830106
764355342488
217946926223
83383648863
390021426575
26596616508
197084103628
194452485619
643467611187
737437359470
595934732475
168817991274
86990096700
206480226304
183755085016
463124163776
12944296497
162933875296
220060451672
220285308628
662416531939
508253363949
283815212130
804487594134
464230310184
186279492096
68455351096
497043895053
410244848649
172581407872
450335409175
398138939535
83078928850
154796178328
214165758950
438697214176
46732673024
751275709725
208429835625
457243447908
93391165350
342004807888
741484196353
277140111360
625667833446
48891659049
376056505950
323790107300
678215807500
762892342551
474959070227
306115025335
605478142582
450943714764
18538787844
429037850500
339095712021
183795128000
749748095976
684599849280
138805544157
436335896196
589351102200
119455840000
202601160000
109633619249
164896835076
171693111668
343139949264
314721691088
336022949597
104553652950
200031099317
328777777152
438042407760
492383561873
218944723400
487959929236
327412669248
74107702575
106570296000
110339925203
380308375825
30305774425
392913875712
131398562836
17054454263
53341832890
619195902464
246367396643
616314391680
567980524683
471578379300
602397080320
411029613676
485687582749
362351583804
607159673824
163938972886
158861296332
153954750000
764249156838
75021614444
27618865890
27961186431
874832651234
9273671875
529625754918
653345774752
575083756800
391387355852
26076424530
305949330492
274158011286
195740644394
70640919275
852147504264
259262913804
323380062390
126370884100
34435898471
507021406028
196958877720
93244195200
175292022400
371434320808
775130446833
480223010403
748998164520
833976314199
179721604301
222504532866
535180217580
183595434453
210779028425
549814964325
-1
277769467404
357955710436
273420383166
84463451145
11243474801
427949117164
284588396336
444968470400
720090464175
328578766924
450058111290
145271924253
25434908142
601502482624
59663660248
133023915514
162424708600
463836397913
126222845936
527882777664
276105248948
639749848806
276107152332
496634271705
632615670000
534977947116
494389478061
618434037396
21930891840
588923910861
639948748757
380170497616
947656548756
399985049600
458000039520
162104194692
331213430784
524424988224
313558541698
105091468146
203349401875
642903864950
492175925249
84035882000
105027804160
218207842392
29873142475
807464245625
554561574948
199489720375
20305594512
703362855100
763993886649
208501612272
149953712675
73942857099
330182147438
8769770192
211665963564
287004091250
267271035372
898450433092
33720111084
182016650664
190706540939
700698382020
492185243025
208106289190
79785307904
212776434576
238415555912
649854045497
774295804507
472587621836
207492599013
27005145417
283021038528
517500174950
107406247698
431458553984
752966799321
798453219010
474148325501
277582962384
141543889207
246095641743
809718484542
195729372
50165908940
499361462679
359751812484
28224469665
106240320009
492418480793
714902988800
553768312500
624015273600
671503625056
48840285725
480492019812
473648402844
495838266722
47727291604
208928539840
276085836000
397418306736
342469249160
525035957115
772647475964
541909524960
549146506680
33602459112
113314044872
287387504800
108723281920
279296785061
274290186204
256375027268
302135744675
480325361648
70151915564
3618483786
836846626589
254264594832
210843707196
340551747585
16667101100
696471219958
378766871497
828535139368
42539801535
443530557223
192172550886
764838956412
497051808424
461942326400
397680629712
624714789041
553447965120
113319630967
38448525031
619683392209
472332449765
377229543466
47927730780
684865225923
96375953991
369332841704
1616197024
648961760304
223190829693
220210902450
103705551350
263191865344
48561590176
233716709160
633640611843
193131885303
762429757133
74149006590
119323914047
87108422855
158834788416
218168349576
593950985875
604142935038
11123823748
318308755875
188322796200
121954447580
74874134988
731999740704
26769718476
104342494419
775994937825
8781193488
239911591150
196049246184
845116247493
628712488448
176960520000
295423947777
193202879787
685132174170
355046346173
102548230600
209331664951
748292530775
155083799332
750804993344
680185244376
246694277910
938477116928
331258893952
314943897609
201037971456
407411763073
552838603238
239659689140
299080496124
471004236720
282047835816
761819591988
79820569932
573693107076
207911680284
303753650508
286846598976
358434758528
422899636638
533280069675
102963367504
157217727744
128101598125
409731942763
781071965653
689906692200
247559558426
317815467510
706615588056
241760799777
603855065088
53010412840
263741259229
64107601600
611618144256
7731583101
393678972225
202444310900
35988119288
113578868736
342542214459
376184463872
223660689408
518323277711
132215776875
352128551545
765677727100
45174187500
40127977280
26458008885
50747493736
180955767728
434194122269
647251232406
556477440000
43677244072
430998795196
160905413305
247525415163
67392099592
475873766082
135680295414
361173373499
226071799870
196026858007
615969710286
246480149139
87214799337
10047694212
227413571973
390968600262
189781152912
605209677100
665011259636
67197262472
474235826350
57867242636
586476290048
122957150724
666355770460
363092552900
342580048290
444996994048
418771113984
50294983662
441025607765
188650758041
226456002852
167742994041
33995791393
450957414656
141033890816
645661405059
160219048261
265064058374
672748681319
169002238023
147825804544
86385200498
537532368307
175422706149
413821685394
56879861500
691549145618
360171520163
410291962717
62158617173
13684935502
190223262310
260226594005
444997403774
84265634474
553010931173
36388002254
190731742264
765907675152
758022750320
53460662864
328782125009
719646095168
145379676900
203074284465
181656092736
314819060879
82586262928
122918199621
351726585600
484306292351
58462846000
37597727673
799088938973
290145875300
510009967571
346193110647
168116635917
149825552152
225554282996
582748746624
831493429900
273911577372
87390040731
158104978342
444271907736
824809631767
686540561300
171478986825
174157876116
662867222544
526431351040
246620818780
401861877717
541749351248
147830932456
16012828125
192471486250
304584221792
870024900163
184970880080
280602222732
52154298504
237595491768
167113929968
273445845148
605756569700
174156790444
520865934203
222897841460
347510129583
670905675500
416114414100
788588259200
332580322652
3376622279
3116265152
319997359452
420708626207
427792760955
7045337600
62267067216
88675728729
606507371603
617759330925
476283834863
590804346384
121307588600
270109997919
253402050850
321641343548
281471766480
790145939500
305165894150
648012231052
629663874525
634780680147
424792254087
216094541805
545162490831
9721820992
781905547774
224679983125
79795356875
428830469235
25256165165
249228436695
250317265625
158205647173
91431660425
714868737480
285250063794
129757169159
33530478800
149935585142
255804671232
145077963975
417958273600
345413604825
36775851120
694088904925
83521161126
45953722116
548235847800
169619959376
34827878075
365978993846
77333330111
418538329176
599653862913
623908486025
675804253875
161311693811
241146911668
63043718684
299699189925
210322916406
253870908800
578324621988
441027592512
40479569351
285109432722
179467670382
664853429119
706835468890
460340478180
12971237873
645220235908
392087332325
141883752808
93910432805
302477747985
170029994292
556389377115
214372320972
221325677824
85663175724
92288515072
118056702673
488980126657
648299328656
89497680129
